{
  "timestamp": "2025-11-15T09:25:15.230Z",
  "version": "0.0.2",
  "error": "Command failed: \"C:\\Users\\alpha\\nvs\\default\\npm.cmd\" run build",
  "stack": "Error: Command failed: \"C:\\Users\\alpha\\nvs\\default\\npm.cmd\" run build\n    at AutomatedBuilder.executeCommand (C:\\Users\\alpha\\skid-inc\\build\\automated-build.js:71:13)\n    at AutomatedBuilder.buildForPlatform (C:\\Users\\alpha\\skid-inc\\build\\automated-build.js:197:18)\n    at AutomatedBuilder.buildForPlatforms (C:\\Users\\alpha\\skid-inc\\build\\automated-build.js:164:18)\n    at AutomatedBuilder.run (C:\\Users\\alpha\\skid-inc\\build\\automated-build.js:319:18)\n    at process.processTicksAndRejections (node:internal/process/task_queues:105:5)",
  "buildLog": [
    "[2025-11-15T09:24:36.643Z] [INFO] Starting automated build for Skid-Inc v0.0.2",
    "[2025-11-15T09:24:36.647Z] [INFO] Validating build environment...",
    "[2025-11-15T09:24:36.647Z] [INFO] Node.js version: v24.5.0",
    "[2025-11-15T09:24:36.647Z] [INFO] Executing: \"C:\\Users\\alpha\\nvs\\default\\npm.cmd\" --version",
    "[2025-11-15T09:24:36.858Z] [INFO] OUTPUT: 11.5.2",
    "[2025-11-15T09:24:36.859Z] [INFO] npm version: 11.5.2",
    "[2025-11-15T09:24:36.859Z] [INFO] Executing: npx electron-builder --version",
    "[2025-11-15T09:24:48.805Z] [INFO] electron-builder is available",
    "[2025-11-15T09:24:48.806Z] [INFO] Executing: git --version",
    "[2025-11-15T09:24:48.866Z] [WARN] Git not found - build metadata will be limited",
    "[2025-11-15T09:24:48.866Z] [WARN] Windows code signing not configured (WIN_CSC_LINK missing)",
    "[2025-11-15T09:24:48.866Z] [INFO] Cleaning previous builds...",
    "[2025-11-15T09:24:48.866Z] [INFO] Installing/updating dependencies...",
    "[2025-11-15T09:24:48.866Z] [INFO] Executing: \"C:\\Users\\alpha\\nvs\\default\\npm.cmd\" ci",
    "[2025-11-15T09:25:12.191Z] [INFO] Dependencies installed successfully",
    "[2025-11-15T09:25:12.192Z] [INFO] Running pre-build tasks...",
    "[2025-11-15T09:25:12.192Z] [INFO] Executing: \"C:\\Users\\alpha\\nvs\\default\\npm.cmd\" run prebuild",
    "[2025-11-15T09:25:12.724Z] [INFO] Pre-build tasks completed",
    "[2025-11-15T09:25:12.725Z] [INFO] Building for platform: current",
    "[2025-11-15T09:25:12.726Z] [INFO] Executing: \"C:\\Users\\alpha\\nvs\\default\\npm.cmd\" run build",
    "[2025-11-15T09:25:15.222Z] [ERROR] Command failed: STDOUT:\n\n> skid-inc@0.0.2 prebuild\n> node build/prebuild.js\n\nStarting pre-build process...\nfunction\nüîç Enhanced Build Debug Tool\n================================\n\nüìä System Information:\nPlatform: win32\nArchitecture: x64\nNode.js: v24.5.0\nTotal Memory: 9.85 GB\nFree Memory: 1.57 GB\nCPU Cores: 16\n\nüìÅ Project Information:\nProject: skid-inc\nVersion: 0.0.2\nElectron Builder: ^24.9.1\n\nüìã Required Files Check:\n‚úÖ package.json (4914 bytes)\n‚úÖ src/main.js (38470 bytes)\n‚úÖ index.html (37212 bytes)\n‚úÖ favicon.png (796016 bytes)\n‚úÖ icons/icon.png (796016 bytes)\n\nüì¶ Build Dependencies:\n‚úÖ electron-builder: ^24.9.1\n‚úÖ electron: ^28.0.0\n\nüìÇ Node Modules Status:\n‚úÖ node_modules directory exists\n‚úÖ electron-builder installed\n‚úÖ electron installed\n\nüóÇÔ∏è  Previous Build Artifacts:\ndist/ directory does not exist\n\nüåç Environment Variables:\nNODE_ENV: not set\nELECTRON_BUILDER_CACHE: not set\nELECTRON_CACHE: not set\nAPPDATA: C:\\Users\\alpha\\AppData\\Roaming\nLOCALAPPDATA: C:\\Users\\alpha\\AppData\\Local\nTEMP: C:\\Users\\alpha\\AppData\\Local\\Temp\nTMP: C:\\Users\\alpha\\AppData\\Local\\Temp\n\n‚öôÔ∏è  Build Configuration Analysis:\nApp ID: com.totominc.skidinc\nProduct Name: Skid-Inc\nCompression: store\nOutput Directory: dist\nWIN Targets: [{\"target\":\"portable\",\"arch\":[\"x64\"]}]\nWIN Icon: icons/icon.png\nWIN Compression: store\n\nüíæ Memory Analysis:\n‚ö†Ô∏è  Warning: Low memory, NSIS build may fail\n\nüí° Recommendations:\n- Use: npm run build:win (portable only)\n- Or: npm run build:win-nsis (requires more memory)\n\nüöÄ Suggested Build Commands:\n- Basic build: npm run build:win\n- Portable only: npm run build:win\n- NSIS installer: npm run build:win-nsis\n- Directory build: npm run build:dir\n- Verbose build: DEBUG=electron-builder npm run build:win\n\nüìù Log Files:\n- Build logs will appear in console output\n- Additional logs: dist/builder-debug.yml\n- Effective config: dist/builder-effective-config.yaml\n\n‚ú® Debug analysis complete!\nCreating build info...\nBuild info created: {\n  version: '0.0.2',\n  commit: 'c2d6380',\n  timestamp: '2025-11-15T09:25:13.170Z',\n  platform: 'win32',\n  arch: 'x64'\n}\nValidating required files...\nValidating icon file...\nCleaning previous builds...\nValidating package.json...\nPre-build process completed successfully!\nBuilding version: 0.0.2\nApp ID: com.totominc.skidinc\nProduct Name: Skid-Inc\n\n> skid-inc@0.0.2 build\n> npm run prebuild && electron-builder\n\n\n> skid-inc@0.0.2 prebuild\n> node build/prebuild.js\n\nStarting pre-build process...\nfunction\nüîç Enhanced Build Debug Tool\n================================\n\nüìä System Information:\nPlatform: win32\nArchitecture: x64\nNode.js: v24.5.0\nTotal Memory: 9.85 GB\nFree Memory: 1.54 GB\nCPU Cores: 16\n\nüìÅ Project Information:\nProject: skid-inc\nVersion: 0.0.2\nElectron Builder: ^24.9.1\n\nüìã Required Files Check:\n‚úÖ package.json (4914 bytes)\n‚úÖ src/main.js (38470 bytes)\n‚úÖ index.html (37212 bytes)\n‚úÖ favicon.png (796016 bytes)\n‚úÖ icons/icon.png (796016 bytes)\n\nüì¶ Build Dependencies:\n‚úÖ electron-builder: ^24.9.1\n‚úÖ electron: ^28.0.0\n\nüìÇ Node Modules Status:\n‚úÖ node_modules directory exists\n‚úÖ electron-builder installed\n‚úÖ electron installed\n\nüóÇÔ∏è  Previous Build Artifacts:\ndist/ directory does not exist\n\nüåç Environment Variables:\nNODE_ENV: not set\nELECTRON_BUILDER_CACHE: not set\nELECTRON_CACHE: not set\nAPPDATA: C:\\Users\\alpha\\AppData\\Roaming\nLOCALAPPDATA: C:\\Users\\alpha\\AppData\\Local\nTEMP: C:\\Users\\alpha\\AppData\\Local\\Temp\nTMP: C:\\Users\\alpha\\AppData\\Local\\Temp\n\n‚öôÔ∏è  Build Configuration Analysis:\nApp ID: com.totominc.skidinc\nProduct Name: Skid-Inc\nCompression: store\nOutput Directory: dist\nWIN Targets: [{\"target\":\"portable\",\"arch\":[\"x64\"]}]\nWIN Icon: icons/icon.png\nWIN Compression: store\n\nüíæ Memory Analysis:\n‚ö†Ô∏è  Warning: Low memory, NSIS build may fail\n\nüí° Recommendations:\n- Use: npm run build:win (portable only)\n- Or: npm run build:win-nsis (requires more memory)\n\nüöÄ Suggested Build Commands:\n- Basic build: npm run build:win\n- Portable only: npm run build:win\n- NSIS installer: npm run build:win-nsis\n- Directory build: npm run build:dir\n- Verbose build: DEBUG=electron-builder npm run build:win\n\nüìù Log Files:\n- Build logs will appear in console output\n- Additional logs: dist/builder-debug.yml\n- Effective config: dist/builder-effective-config.yaml\n\n‚ú® Debug analysis complete!\nCreating build info...\nBuild info created: {\n  version: '0.0.2',\n  commit: 'c2d6380',\n  timestamp: '2025-11-15T09:25:13.632Z',\n  platform: 'win32',\n  arch: 'x64'\n}\nValidating required files...\nValidating icon file...\nCleaning previous builds...\nValidating package.json...\nPre-build process completed successfully!\nBuilding version: 0.0.2\nApp ID: com.totominc.skidinc\nProduct Name: Skid-Inc\n  ‚Ä¢ electron-builder  version=24.13.3 os=10.0.26100\n  ‚Ä¢ loaded configuration  file=package.json (\"build\" field)\n  ‚®Ø Cannot find module 'C:\\Users\\alpha\\skid-inc\\node build\\prebuild.js'\nRequire stack:\n- C:\\Users\\alpha\\skid-inc\\node_modules\\app-builder-lib\\out\\platformPackager.js\n- C:\\Users\\alpha\\skid-inc\\node_modules\\app-builder-lib\\out\\electron\\electronMac.js\n- C:\\Users\\alpha\\skid-inc\\node_modules\\app-builder-lib\\out\\electron\\ElectronFramework.js\n- C:\\Users\\alpha\\skid-inc\\node_modules\\app-builder-lib\\out\\packager.js\n- C:\\Users\\alpha\\skid-inc\\node_modules\\app-builder-lib\\out\\index.js\n- C:\\Users\\alpha\\skid-inc\\node_modules\\electron-builder\\out\\builder.js\n- C:\\Users\\alpha\\skid-inc\\node_modules\\electron-builder\\out\\cli\\cli.js\n- C:\\Users\\alpha\\skid-inc\\node_modules\\electron-builder\\cli.js  failedTask=build stackTrace=Error: Cannot find module 'C:\\Users\\alpha\\skid-inc\\node build\\prebuild.js'\nRequire stack:\n- C:\\Users\\alpha\\skid-inc\\node_modules\\app-builder-lib\\out\\platformPackager.js\n- C:\\Users\\alpha\\skid-inc\\node_modules\\app-builder-lib\\out\\electron\\electronMac.js\n- C:\\Users\\alpha\\skid-inc\\node_modules\\app-builder-lib\\out\\electron\\ElectronFramework.js\n- C:\\Users\\alpha\\skid-inc\\node_modules\\app-builder-lib\\out\\packager.js\n- C:\\Users\\alpha\\skid-inc\\node_modules\\app-builder-lib\\out\\index.js\n- C:\\Users\\alpha\\skid-inc\\node_modules\\electron-builder\\out\\builder.js\n- C:\\Users\\alpha\\skid-inc\\node_modules\\electron-builder\\out\\cli\\cli.js\n- C:\\Users\\alpha\\skid-inc\\node_modules\\electron-builder\\cli.js\n    at Module._resolveFilename (node:internal/modules/cjs/loader:1410:15)\n    at defaultResolveImpl (node:internal/modules/cjs/loader:1051:19)\n    at resolveForCJSWithHooks (node:internal/modules/cjs/loader:1056:22)\n    at Module._load (node:internal/modules/cjs/loader:1219:37)\n    at TracingChannel.traceSync (node:diagnostics_channel:322:14)\n    at wrapModuleLoad (node:internal/modules/cjs/loader:238:24)\n    at Module.require (node:internal/modules/cjs/loader:1493:12)\n    at require (node:internal/modules/helpers:152:16)\n    at resolveModule (C:\\Users\\alpha\\skid-inc\\node_modules\\app-builder-lib\\src\\platformPackager.ts:771:10)\n    at resolveFunction (C:\\Users\\alpha\\skid-inc\\node_modules\\app-builder-lib\\src\\platformPackager.ts:791:24)\n    at Packager.installAppDependencies (C:\\Users\\alpha\\skid-inc\\node_modules\\app-builder-lib\\src\\packager.ts:509:46)\n    at WinPackager.doPack (C:\\Users\\alpha\\skid-inc\\node_modules\\app-builder-lib\\src\\platformPackager.ts:223:21)\n    at WinPackager.pack (C:\\Users\\alpha\\skid-inc\\node_modules\\app-builder-lib\\src\\platformPackager.ts:140:5)\n    at Packager.doBuild (C:\\Users\\alpha\\skid-inc\\node_modules\\app-builder-lib\\src\\packager.ts:445:9)\n    at executeFinally (C:\\Users\\alpha\\skid-inc\\node_modules\\builder-util\\src\\promise.ts:12:14)\n    at Packager._build (C:\\Users\\alpha\\skid-inc\\node_modules\\app-builder-lib\\src\\packager.ts:379:31)\n\nERROR: Command failed: \"C:\\Users\\alpha\\nvs\\default\\npm.cmd\" run build",
    "[2025-11-15T09:25:15.226Z] [ERROR] Platform current build failed after 3s",
    "[2025-11-15T09:25:15.229Z] [ERROR] Error report saved to: dist\\build-errors\\error-1763198715227.json",
    "[2025-11-15T09:25:15.230Z] [ERROR] Build failed: Command failed: \"C:\\Users\\alpha\\nvs\\default\\npm.cmd\" run build"
  ]
}