{
  "timestamp": "2025-11-15T09:26:16.675Z",
  "version": "0.0.2",
  "error": "Command failed: \"C:\\Users\\alpha\\nvs\\default\\npm.cmd\" run build",
  "stack": "Error: Command failed: \"C:\\Users\\alpha\\nvs\\default\\npm.cmd\" run build\n    at AutomatedBuilder.executeCommand (C:\\Users\\alpha\\skid-inc\\build\\automated-build.js:71:13)\n    at AutomatedBuilder.buildForPlatform (C:\\Users\\alpha\\skid-inc\\build\\automated-build.js:197:18)\n    at AutomatedBuilder.buildForPlatforms (C:\\Users\\alpha\\skid-inc\\build\\automated-build.js:164:18)\n    at AutomatedBuilder.run (C:\\Users\\alpha\\skid-inc\\build\\automated-build.js:319:18)\n    at process.processTicksAndRejections (node:internal/process/task_queues:105:5)",
  "buildLog": [
    "[2025-11-15T09:25:53.702Z] [INFO] Starting automated build for Skid-Inc v0.0.2",
    "[2025-11-15T09:25:53.707Z] [INFO] Validating build environment...",
    "[2025-11-15T09:25:53.707Z] [INFO] Node.js version: v24.5.0",
    "[2025-11-15T09:25:53.707Z] [INFO] Executing: \"C:\\Users\\alpha\\nvs\\default\\npm.cmd\" --version",
    "[2025-11-15T09:25:53.922Z] [INFO] OUTPUT: 11.5.2",
    "[2025-11-15T09:25:53.923Z] [INFO] npm version: 11.5.2",
    "[2025-11-15T09:25:53.923Z] [INFO] Executing: npx electron-builder --version",
    "[2025-11-15T09:25:55.581Z] [INFO] electron-builder is available",
    "[2025-11-15T09:25:55.581Z] [INFO] Executing: git --version",
    "[2025-11-15T09:25:55.644Z] [WARN] Git not found - build metadata will be limited",
    "[2025-11-15T09:25:55.645Z] [WARN] Windows code signing not configured (WIN_CSC_LINK missing)",
    "[2025-11-15T09:25:55.645Z] [INFO] Cleaning previous builds...",
    "[2025-11-15T09:25:55.646Z] [INFO] Cleaned dist directory",
    "[2025-11-15T09:25:55.647Z] [INFO] Installing/updating dependencies...",
    "[2025-11-15T09:25:55.647Z] [INFO] Executing: \"C:\\Users\\alpha\\nvs\\default\\npm.cmd\" ci",
    "[2025-11-15T09:26:14.047Z] [INFO] Dependencies installed successfully",
    "[2025-11-15T09:26:14.047Z] [INFO] Running pre-build tasks...",
    "[2025-11-15T09:26:14.047Z] [INFO] Executing: \"C:\\Users\\alpha\\nvs\\default\\npm.cmd\" run prebuild",
    "[2025-11-15T09:26:14.494Z] [INFO] Pre-build tasks completed",
    "[2025-11-15T09:26:14.495Z] [INFO] Building for platform: current",
    "[2025-11-15T09:26:14.496Z] [INFO] Executing: \"C:\\Users\\alpha\\nvs\\default\\npm.cmd\" run build",
    "[2025-11-15T09:26:16.671Z] [ERROR] Command failed: STDOUT:\n\n> skid-inc@0.0.2 prebuild\n> node build/prebuild.js\n\nStarting pre-build process...\nfunction\nğŸ” Enhanced Build Debug Tool\n================================\n\nğŸ“Š System Information:\nPlatform: win32\nArchitecture: x64\nNode.js: v24.5.0\nTotal Memory: 9.85 GB\nFree Memory: 2.11 GB\nCPU Cores: 16\n\nğŸ“ Project Information:\nProject: skid-inc\nVersion: 0.0.2\nElectron Builder: ^24.9.1\n\nğŸ“‹ Required Files Check:\nâœ… package.json (4909 bytes)\nâœ… src/main.js (38470 bytes)\nâœ… index.html (37212 bytes)\nâœ… favicon.png (796016 bytes)\nâœ… icons/icon.png (796016 bytes)\n\nğŸ“¦ Build Dependencies:\nâœ… electron-builder: ^24.9.1\nâœ… electron: ^28.0.0\n\nğŸ“‚ Node Modules Status:\nâœ… node_modules directory exists\nâœ… electron-builder installed\nâœ… electron installed\n\nğŸ—‚ï¸  Previous Build Artifacts:\ndist/ directory does not exist\n\nğŸŒ Environment Variables:\nNODE_ENV: not set\nELECTRON_BUILDER_CACHE: not set\nELECTRON_CACHE: not set\nAPPDATA: C:\\Users\\alpha\\AppData\\Roaming\nLOCALAPPDATA: C:\\Users\\alpha\\AppData\\Local\nTEMP: C:\\Users\\alpha\\AppData\\Local\\Temp\nTMP: C:\\Users\\alpha\\AppData\\Local\\Temp\n\nâš™ï¸  Build Configuration Analysis:\nApp ID: com.totominc.skidinc\nProduct Name: Skid-Inc\nCompression: store\nOutput Directory: dist\nWIN Targets: [{\"target\":\"portable\",\"arch\":[\"x64\"]}]\nWIN Icon: icons/icon.png\nWIN Compression: store\n\nğŸ’¾ Memory Analysis:\nâœ… Sufficient memory for most builds\n\nğŸ’¡ Recommendations:\n\nğŸš€ Suggested Build Commands:\n- Basic build: npm run build:win\n- Portable only: npm run build:win\n- NSIS installer: npm run build:win-nsis\n- Directory build: npm run build:dir\n- Verbose build: DEBUG=electron-builder npm run build:win\n\nğŸ“ Log Files:\n- Build logs will appear in console output\n- Additional logs: dist/builder-debug.yml\n- Effective config: dist/builder-effective-config.yaml\n\nâœ¨ Debug analysis complete!\nCreating build info...\nBuild info created: {\n  version: '0.0.2',\n  commit: 'c2d6380',\n  timestamp: '2025-11-15T09:26:14.883Z',\n  platform: 'win32',\n  arch: 'x64'\n}\nValidating required files...\nValidating icon file...\nCleaning previous builds...\nValidating package.json...\nPre-build process completed successfully!\nBuilding version: 0.0.2\nApp ID: com.totominc.skidinc\nProduct Name: Skid-Inc\n\n> skid-inc@0.0.2 build\n> npm run prebuild && electron-builder\n\n\n> skid-inc@0.0.2 prebuild\n> node build/prebuild.js\n\nStarting pre-build process...\nfunction\nğŸ” Enhanced Build Debug Tool\n================================\n\nğŸ“Š System Information:\nPlatform: win32\nArchitecture: x64\nNode.js: v24.5.0\nTotal Memory: 9.85 GB\nFree Memory: 2.07 GB\nCPU Cores: 16\n\nğŸ“ Project Information:\nProject: skid-inc\nVersion: 0.0.2\nElectron Builder: ^24.9.1\n\nğŸ“‹ Required Files Check:\nâœ… package.json (4909 bytes)\nâœ… src/main.js (38470 bytes)\nâœ… index.html (37212 bytes)\nâœ… favicon.png (796016 bytes)\nâœ… icons/icon.png (796016 bytes)\n\nğŸ“¦ Build Dependencies:\nâœ… electron-builder: ^24.9.1\nâœ… electron: ^28.0.0\n\nğŸ“‚ Node Modules Status:\nâœ… node_modules directory exists\nâœ… electron-builder installed\nâœ… electron installed\n\nğŸ—‚ï¸  Previous Build Artifacts:\ndist/ directory does not exist\n\nğŸŒ Environment Variables:\nNODE_ENV: not set\nELECTRON_BUILDER_CACHE: not set\nELECTRON_CACHE: not set\nAPPDATA: C:\\Users\\alpha\\AppData\\Roaming\nLOCALAPPDATA: C:\\Users\\alpha\\AppData\\Local\nTEMP: C:\\Users\\alpha\\AppData\\Local\\Temp\nTMP: C:\\Users\\alpha\\AppData\\Local\\Temp\n\nâš™ï¸  Build Configuration Analysis:\nApp ID: com.totominc.skidinc\nProduct Name: Skid-Inc\nCompression: store\nOutput Directory: dist\nWIN Targets: [{\"target\":\"portable\",\"arch\":[\"x64\"]}]\nWIN Icon: icons/icon.png\nWIN Compression: store\n\nğŸ’¾ Memory Analysis:\nâœ… Sufficient memory for most builds\n\nğŸ’¡ Recommendations:\n\nğŸš€ Suggested Build Commands:\n- Basic build: npm run build:win\n- Portable only: npm run build:win\n- NSIS installer: npm run build:win-nsis\n- Directory build: npm run build:dir\n- Verbose build: DEBUG=electron-builder npm run build:win\n\nğŸ“ Log Files:\n- Build logs will appear in console output\n- Additional logs: dist/builder-debug.yml\n- Effective config: dist/builder-effective-config.yaml\n\nâœ¨ Debug analysis complete!\nCreating build info...\nBuild info created: {\n  version: '0.0.2',\n  commit: 'c2d6380',\n  timestamp: '2025-11-15T09:26:15.348Z',\n  platform: 'win32',\n  arch: 'x64'\n}\nValidating required files...\nValidating icon file...\nCleaning previous builds...\nValidating package.json...\nPre-build process completed successfully!\nBuilding version: 0.0.2\nApp ID: com.totominc.skidinc\nProduct Name: Skid-Inc\n  â€¢ electron-builder  version=24.13.3 os=10.0.26100\n  â€¢ loaded configuration  file=package.json (\"build\" field)\nStarting pre-build process...\nfunction\nğŸ” Enhanced Build Debug Tool\n================================\n\nğŸ“Š System Information:\nPlatform: win32\nArchitecture: x64\nNode.js: v24.5.0\nTotal Memory: 9.85 GB\nFree Memory: 2.03 GB\nCPU Cores: 16\n\nğŸ“ Project Information:\nProject: skid-inc\nVersion: 0.0.2\nElectron Builder: ^24.9.1\n\nğŸ“‹ Required Files Check:\nâœ… package.json (4909 bytes)\nâœ… src/main.js (38470 bytes)\nâœ… index.html (37212 bytes)\nâœ… favicon.png (796016 bytes)\nâœ… icons/icon.png (796016 bytes)\n\nğŸ“¦ Build Dependencies:\nâœ… electron-builder: ^24.9.1\nâœ… electron: ^28.0.0\n\nğŸ“‚ Node Modules Status:\nâœ… node_modules directory exists\nâœ… electron-builder installed\nâœ… electron installed\n\nğŸ—‚ï¸  Previous Build Artifacts:\ndist/ directory is empty\n\nğŸŒ Environment Variables:\nNODE_ENV: not set\nELECTRON_BUILDER_CACHE: not set\nELECTRON_CACHE: not set\nAPPDATA: C:\\Users\\alpha\\AppData\\Roaming\nLOCALAPPDATA: C:\\Users\\alpha\\AppData\\Local\nTEMP: C:\\Users\\alpha\\AppData\\Local\\Temp\nTMP: C:\\Users\\alpha\\AppData\\Local\\Temp\n\nâš™ï¸  Build Configuration Analysis:\nApp ID: com.totominc.skidinc\nProduct Name: Skid-Inc\nCompression: store\nOutput Directory: dist\nWIN Targets: [{\"target\":\"portable\",\"arch\":[\"x64\"]}]\nWIN Icon: icons/icon.png\nWIN Compression: store\n\nğŸ’¾ Memory Analysis:\nâœ… Sufficient memory for most builds\n\nğŸ’¡ Recommendations:\n\nğŸš€ Suggested Build Commands:\n- Basic build: npm run build:win\n- Portable only: npm run build:win\n- NSIS installer: npm run build:win-nsis\n- Directory build: npm run build:dir\n- Verbose build: DEBUG=electron-builder npm run build:win\n\nğŸ“ Log Files:\n- Build logs will appear in console output\n- Additional logs: dist/builder-debug.yml\n- Effective config: dist/builder-effective-config.yaml\n\nâœ¨ Debug analysis complete!\nCreating build info...\nBuild info created: {\n  version: '0.0.2',\n  commit: 'c2d6380',\n  timestamp: '2025-11-15T09:26:16.565Z',\n  platform: 'win32',\n  arch: 'x64'\n}\nValidating required files...\nValidating icon file...\nCleaning previous builds...\nCleaned dist directory\nValidating package.json...\nPre-build process completed successfully!\nBuilding version: 0.0.2\nApp ID: com.totominc.skidinc\nProduct Name: Skid-Inc\n  â¨¯ beforeBuild is not a function  failedTask=build stackTrace=TypeError: beforeBuild is not a function\n    at Packager.installAppDependencies (C:\\Users\\alpha\\skid-inc\\node_modules\\app-builder-lib\\src\\packager.ts:511:57)\n    at WinPackager.doPack (C:\\Users\\alpha\\skid-inc\\node_modules\\app-builder-lib\\src\\platformPackager.ts:223:5)\n    at WinPackager.pack (C:\\Users\\alpha\\skid-inc\\node_modules\\app-builder-lib\\src\\platformPackager.ts:140:5)\n    at Packager.doBuild (C:\\Users\\alpha\\skid-inc\\node_modules\\app-builder-lib\\src\\packager.ts:445:9)\n    at executeFinally (C:\\Users\\alpha\\skid-inc\\node_modules\\builder-util\\src\\promise.ts:12:14)\n    at Packager._build (C:\\Users\\alpha\\skid-inc\\node_modules\\app-builder-lib\\src\\packager.ts:379:31)\n    at Packager.build (C:\\Users\\alpha\\skid-inc\\node_modules\\app-builder-lib\\src\\packager.ts:340:12)\n    at executeFinally (C:\\Users\\alpha\\skid-inc\\node_modules\\builder-util\\src\\promise.ts:12:14)\n\nERROR: Command failed: \"C:\\Users\\alpha\\nvs\\default\\npm.cmd\" run build",
    "[2025-11-15T09:26:16.672Z] [ERROR] Platform current build failed after 2s",
    "[2025-11-15T09:26:16.674Z] [ERROR] Error report saved to: dist\\build-errors\\error-1763198776673.json",
    "[2025-11-15T09:26:16.675Z] [ERROR] Build failed: Command failed: \"C:\\Users\\alpha\\nvs\\default\\npm.cmd\" run build"
  ]
}