{
  "timestamp": "2025-11-15T09:27:01.707Z",
  "version": "0.0.2",
  "error": "Command failed: \"C:\\Users\\alpha\\nvs\\default\\npm.cmd\" run build",
  "stack": "Error: Command failed: \"C:\\Users\\alpha\\nvs\\default\\npm.cmd\" run build\n    at AutomatedBuilder.executeCommand (C:\\Users\\alpha\\skid-inc\\build\\automated-build.js:71:13)\n    at AutomatedBuilder.buildForPlatform (C:\\Users\\alpha\\skid-inc\\build\\automated-build.js:197:18)\n    at AutomatedBuilder.buildForPlatforms (C:\\Users\\alpha\\skid-inc\\build\\automated-build.js:164:18)\n    at AutomatedBuilder.run (C:\\Users\\alpha\\skid-inc\\build\\automated-build.js:319:18)\n    at process.processTicksAndRejections (node:internal/process/task_queues:105:5)",
  "buildLog": [
    "[2025-11-15T09:26:27.864Z] [INFO] Starting automated build for Skid-Inc v0.0.2",
    "[2025-11-15T09:26:27.869Z] [INFO] Validating build environment...",
    "[2025-11-15T09:26:27.869Z] [INFO] Node.js version: v24.5.0",
    "[2025-11-15T09:26:27.869Z] [INFO] Executing: \"C:\\Users\\alpha\\nvs\\default\\npm.cmd\" --version",
    "[2025-11-15T09:26:28.083Z] [INFO] OUTPUT: 11.5.2",
    "[2025-11-15T09:26:28.083Z] [INFO] npm version: 11.5.2",
    "[2025-11-15T09:26:28.084Z] [INFO] Executing: npx electron-builder --version",
    "[2025-11-15T09:26:29.635Z] [INFO] electron-builder is available",
    "[2025-11-15T09:26:29.635Z] [INFO] Executing: git --version",
    "[2025-11-15T09:26:29.688Z] [WARN] Git not found - build metadata will be limited",
    "[2025-11-15T09:26:29.689Z] [WARN] Windows code signing not configured (WIN_CSC_LINK missing)",
    "[2025-11-15T09:26:29.689Z] [INFO] Cleaning previous builds...",
    "[2025-11-15T09:26:29.690Z] [INFO] Cleaned dist directory",
    "[2025-11-15T09:26:29.690Z] [INFO] Installing/updating dependencies...",
    "[2025-11-15T09:26:29.690Z] [INFO] Executing: \"C:\\Users\\alpha\\nvs\\default\\npm.cmd\" ci",
    "[2025-11-15T09:26:47.550Z] [INFO] Dependencies installed successfully",
    "[2025-11-15T09:26:47.551Z] [INFO] Running pre-build tasks...",
    "[2025-11-15T09:26:47.551Z] [INFO] Executing: \"C:\\Users\\alpha\\nvs\\default\\npm.cmd\" run prebuild",
    "[2025-11-15T09:26:48.052Z] [INFO] Pre-build tasks completed",
    "[2025-11-15T09:26:48.052Z] [INFO] Building for platform: current",
    "[2025-11-15T09:26:48.052Z] [INFO] Executing: \"C:\\Users\\alpha\\nvs\\default\\npm.cmd\" run build",
    "[2025-11-15T09:27:01.693Z] [ERROR] Command failed: STDOUT:\n\n> skid-inc@0.0.2 prebuild\n> node build/prebuild.js\n\nStarting pre-build process...\nfunction\nüîç Enhanced Build Debug Tool\n================================\n\nüìä System Information:\nPlatform: win32\nArchitecture: x64\nNode.js: v24.5.0\nTotal Memory: 9.85 GB\nFree Memory: 2.03 GB\nCPU Cores: 16\n\nüìÅ Project Information:\nProject: skid-inc\nVersion: 0.0.2\nElectron Builder: ^24.9.1\n\nüìã Required Files Check:\n‚úÖ package.json (4868 bytes)\n‚úÖ src/main.js (38470 bytes)\n‚úÖ index.html (37212 bytes)\n‚úÖ favicon.png (796016 bytes)\n‚úÖ icons/icon.png (796016 bytes)\n\nüì¶ Build Dependencies:\n‚úÖ electron-builder: ^24.9.1\n‚úÖ electron: ^28.0.0\n\nüìÇ Node Modules Status:\n‚úÖ node_modules directory exists\n‚úÖ electron-builder installed\n‚úÖ electron installed\n\nüóÇÔ∏è  Previous Build Artifacts:\ndist/ directory does not exist\n\nüåç Environment Variables:\nNODE_ENV: not set\nELECTRON_BUILDER_CACHE: not set\nELECTRON_CACHE: not set\nAPPDATA: C:\\Users\\alpha\\AppData\\Roaming\nLOCALAPPDATA: C:\\Users\\alpha\\AppData\\Local\nTEMP: C:\\Users\\alpha\\AppData\\Local\\Temp\nTMP: C:\\Users\\alpha\\AppData\\Local\\Temp\n\n‚öôÔ∏è  Build Configuration Analysis:\nApp ID: com.totominc.skidinc\nProduct Name: Skid-Inc\nCompression: store\nOutput Directory: dist\nWIN Targets: [{\"target\":\"portable\",\"arch\":[\"x64\"]}]\nWIN Icon: icons/icon.png\nWIN Compression: store\n\nüíæ Memory Analysis:\n‚úÖ Sufficient memory for most builds\n\nüí° Recommendations:\n\nüöÄ Suggested Build Commands:\n- Basic build: npm run build:win\n- Portable only: npm run build:win\n- NSIS installer: npm run build:win-nsis\n- Directory build: npm run build:dir\n- Verbose build: DEBUG=electron-builder npm run build:win\n\nüìù Log Files:\n- Build logs will appear in console output\n- Additional logs: dist/builder-debug.yml\n- Effective config: dist/builder-effective-config.yaml\n\n‚ú® Debug analysis complete!\nCreating build info...\nBuild info created: {\n  version: '0.0.2',\n  commit: 'c2d6380',\n  timestamp: '2025-11-15T09:26:48.470Z',\n  platform: 'win32',\n  arch: 'x64'\n}\nValidating required files...\nValidating icon file...\nCleaning previous builds...\nValidating package.json...\nPre-build process completed successfully!\nBuilding version: 0.0.2\nApp ID: com.totominc.skidinc\nProduct Name: Skid-Inc\n\n> skid-inc@0.0.2 build\n> npm run prebuild && electron-builder\n\n\n> skid-inc@0.0.2 prebuild\n> node build/prebuild.js\n\nStarting pre-build process...\nfunction\nüîç Enhanced Build Debug Tool\n================================\n\nüìä System Information:\nPlatform: win32\nArchitecture: x64\nNode.js: v24.5.0\nTotal Memory: 9.85 GB\nFree Memory: 2.02 GB\nCPU Cores: 16\n\nüìÅ Project Information:\nProject: skid-inc\nVersion: 0.0.2\nElectron Builder: ^24.9.1\n\nüìã Required Files Check:\n‚úÖ package.json (4868 bytes)\n‚úÖ src/main.js (38470 bytes)\n‚úÖ index.html (37212 bytes)\n‚úÖ favicon.png (796016 bytes)\n‚úÖ icons/icon.png (796016 bytes)\n\nüì¶ Build Dependencies:\n‚úÖ electron-builder: ^24.9.1\n‚úÖ electron: ^28.0.0\n\nüìÇ Node Modules Status:\n‚úÖ node_modules directory exists\n‚úÖ electron-builder installed\n‚úÖ electron installed\n\nüóÇÔ∏è  Previous Build Artifacts:\ndist/ directory does not exist\n\nüåç Environment Variables:\nNODE_ENV: not set\nELECTRON_BUILDER_CACHE: not set\nELECTRON_CACHE: not set\nAPPDATA: C:\\Users\\alpha\\AppData\\Roaming\nLOCALAPPDATA: C:\\Users\\alpha\\AppData\\Local\nTEMP: C:\\Users\\alpha\\AppData\\Local\\Temp\nTMP: C:\\Users\\alpha\\AppData\\Local\\Temp\n\n‚öôÔ∏è  Build Configuration Analysis:\nApp ID: com.totominc.skidinc\nProduct Name: Skid-Inc\nCompression: store\nOutput Directory: dist\nWIN Targets: [{\"target\":\"portable\",\"arch\":[\"x64\"]}]\nWIN Icon: icons/icon.png\nWIN Compression: store\n\nüíæ Memory Analysis:\n‚úÖ Sufficient memory for most builds\n\nüí° Recommendations:\n\nüöÄ Suggested Build Commands:\n- Basic build: npm run build:win\n- Portable only: npm run build:win\n- NSIS installer: npm run build:win-nsis\n- Directory build: npm run build:dir\n- Verbose build: DEBUG=electron-builder npm run build:win\n\nüìù Log Files:\n- Build logs will appear in console output\n- Additional logs: dist/builder-debug.yml\n- Effective config: dist/builder-effective-config.yaml\n\n‚ú® Debug analysis complete!\nCreating build info...\nBuild info created: {\n  version: '0.0.2',\n  commit: 'c2d6380',\n  timestamp: '2025-11-15T09:26:48.951Z',\n  platform: 'win32',\n  arch: 'x64'\n}\nValidating required files...\nValidating icon file...\nCleaning previous builds...\nValidating package.json...\nPre-build process completed successfully!\nBuilding version: 0.0.2\nApp ID: com.totominc.skidinc\nProduct Name: Skid-Inc\n  ‚Ä¢ electron-builder  version=24.13.3 os=10.0.26100\n  ‚Ä¢ loaded configuration  file=package.json (\"build\" field)\n  ‚Ä¢ packaging       platform=win32 arch=x64 electron=28.3.3 appOutDir=dist\\win-unpacked\n  ‚®Ø Get \"https://release-assets.githubusercontent.com/github-production-release-asset/9384267/438412ca-ab0a-4063-b35e-f2df400d9f82?sp=r&sv=2018-11-09&sr=b&spr=https&se=2025-11-15T10%3A11%3A21Z&rscd=attachment%3B+filename%3Delectron-v28.3.3-win32-x64.zip&rsct=application%2Foctet-stream&skoid=96c2d410-5711-43a1-aedd-ab1947aa7ab0&sktid=398a6654-997b-47e9-b12b-9515b896b4de&skt=2025-11-15T09%3A10%3A28Z&ske=2025-11-15T10%3A11%3A21Z&sks=b&skv=2018-11-09&sig=eQg%2BzPyiIeTOtoOJVJjIt50WHZJ5qKJyQsTg%2F5ee%2FdI%3D&jwt=eyJ0eXAiOiJKV1QiLCJhbGciOiJIUzI1NiJ9.eyJpc3MiOiJnaXRodWIuY29tIiwiYXVkIjoicmVsZWFzZS1hc3NldHMuZ2l0aHVidXNlcmNvbnRlbnQuY29tIiwia2V5Ijoia2V5MSIsImV4cCI6MTc2MzIwMjQyMiwibmJmIjoxNzYzMTk4ODIyLCJwYXRoIjoicmVsZWFzZWFzc2V0cHJvZHVjdGlvbi5ibG9iLmNvcmUud2luZG93cy5uZXQifQ.pfYjXSiYukb9m7U_DzuU3idBk88HJs5F7bWau1Yj4CQ&response-content-disposition=attachment%3B%20filename%3Delectron-v28.3.3-win32-x64.zip&response-content-type=application%2Foctet-stream\": dial tcp: lookup release-assets.githubusercontent.com: no such host\ngithub.com/develar/app-builder/pkg/download.(*Downloader).follow.func1\n\t/Volumes/data/Documents/app-builder/pkg/download/downloader.go:206\ngithub.com/develar/app-builder/pkg/download.(*Downloader).follow\n\t/Volumes/data/Documents/app-builder/pkg/download/downloader.go:234\ngithub.com/develar/app-builder/pkg/download.(*Downloader).DownloadNoRetry\n\t/Volumes/data/Documents/app-builder/pkg/download/downloader.go:128\ngithub.com/develar/app-builder/pkg/download.(*Downloader).Download\n\t/Volumes/data/Documents/app-builder/pkg/download/downloader.go:112\ngithub.com/develar/app-builder/pkg/electron.(*ElectronDownloader).doDownload\n\t/Volumes/data/Documents/app-builder/pkg/electron/electronDownloader.go:192\ngithub.com/develar/app-builder/pkg/electron.(*ElectronDownloader).Download\n\t/Volumes/data/Documents/app-builder/pkg/electron/electronDownloader.go:177\ngithub.com/develar/app-builder/pkg/electron.downloadElectron.func1.1\n\t/Volumes/data/Documents/app-builder/pkg/electron/electronDownloader.go:73\ngithub.com/develar/app-builder/pkg/util.MapAsyncConcurrency.func2\n\t/Volumes/data/Documents/app-builder/pkg/util/async.go:68\nruntime.goexit\n\t/usr/local/Cellar/go/1.17/libexec/src/runtime/asm_amd64.s:1581  \n  ‚®Ø C:\\Users\\alpha\\skid-inc\\node_modules\\app-builder-bin\\win\\x64\\app-builder.exe process failed ERR_ELECTRON_BUILDER_CANNOT_EXECUTE\nExit code:\n1  failedTask=build stackTrace=Error: C:\\Users\\alpha\\skid-inc\\node_modules\\app-builder-bin\\win\\x64\\app-builder.exe process failed ERR_ELECTRON_BUILDER_CANNOT_EXECUTE\nExit code:\n1\n    at ChildProcess.<anonymous> (C:\\Users\\alpha\\skid-inc\\node_modules\\builder-util\\src\\util.ts:252:14)\n    at Object.onceWrapper (node:events:622:26)\n    at ChildProcess.emit (node:events:507:28)\n    at ChildProcess.cp.emit (C:\\Users\\alpha\\skid-inc\\node_modules\\cross-spawn\\lib\\enoent.js:34:29)\n    at maybeClose (node:internal/child_process:1101:16)\n    at Process.ChildProcess._handle.onexit (node:internal/child_process:305:5)\n\nERROR: Command failed: \"C:\\Users\\alpha\\nvs\\default\\npm.cmd\" run build",
    "[2025-11-15T09:27:01.704Z] [ERROR] Platform current build failed after 14s",
    "[2025-11-15T09:27:01.707Z] [ERROR] Error report saved to: dist\\build-errors\\error-1763198821705.json",
    "[2025-11-15T09:27:01.707Z] [ERROR] Build failed: Command failed: \"C:\\Users\\alpha\\nvs\\default\\npm.cmd\" run build"
  ]
}